[0.459s] DEBUG:colcon:Command line arguments: ['/usr/bin/colcon', 'build']
[0.459s] DEBUG:colcon:Parsed command line arguments: Namespace(log_base=None, log_level=None, verb_name='build', build_base='build', install_base='install', merge_install=False, symlink_install=False, test_result_base=None, continue_on_error=False, executor='parallel', parallel_workers=6, event_handlers=None, ignore_user_meta=False, metas=['./colcon.meta'], base_paths=['.'], packages_ignore=None, packages_ignore_regex=None, paths=None, packages_up_to=None, packages_up_to_regex=None, packages_above=None, packages_above_and_dependencies=None, packages_above_depth=None, packages_select_by_dep=None, packages_skip_by_dep=None, packages_skip_up_to=None, packages_select_build_failed=False, packages_skip_build_finished=False, packages_select_test_failures=False, packages_skip_test_passed=False, packages_select=None, packages_skip=None, packages_select_regex=None, packages_skip_regex=None, packages_start=None, packages_end=None, allow_overriding=[], cmake_args=None, cmake_target=None, cmake_target_skip_unavailable=False, cmake_clean_cache=False, cmake_clean_first=False, cmake_force_configure=False, ament_cmake_args=None, catkin_cmake_args=None, catkin_skip_building_tests=False, mixin_files=None, mixin=None, verb_parser=<colcon_mixin.mixin.mixin_argument.MixinArgumentDecorator object at 0x7c0e9eb4d120>, verb_extension=<colcon_core.verb.build.BuildVerb object at 0x7c0e9eb4c4c0>, main=<bound method BuildVerb.main of <colcon_core.verb.build.BuildVerb object at 0x7c0e9eb4c4c0>>, mixin_verb=('build',))
[0.919s] Level 1:colcon.colcon_core.package_discovery:discover_packages(colcon_meta) check parameters
[0.920s] Level 1:colcon.colcon_core.package_discovery:discover_packages(recursive) check parameters
[0.920s] Level 1:colcon.colcon_core.package_discovery:discover_packages(ignore) check parameters
[0.920s] Level 1:colcon.colcon_core.package_discovery:discover_packages(path) check parameters
[0.920s] Level 1:colcon.colcon_core.package_discovery:discover_packages(colcon_meta) discover
[0.920s] Level 1:colcon.colcon_core.package_discovery:discover_packages(recursive) discover
[0.920s] INFO:colcon.colcon_core.package_discovery:Crawling recursively for packages in '/home/antoniopalves/ros2_ws/src/sam_bot_description'
[0.920s] Level 1:colcon.colcon_core.package_identification:_identify(.) by extensions ['ignore', 'ignore_ament_install']
[0.920s] Level 1:colcon.colcon_core.package_identification:_identify(.) by extension 'ignore'
[0.920s] Level 1:colcon.colcon_core.package_identification:_identify(.) by extension 'ignore_ament_install'
[0.920s] Level 1:colcon.colcon_core.package_identification:_identify(.) by extensions ['colcon_pkg']
[0.920s] Level 1:colcon.colcon_core.package_identification:_identify(.) by extension 'colcon_pkg'
[0.920s] Level 1:colcon.colcon_core.package_identification:_identify(.) by extensions ['colcon_meta']
[0.920s] Level 1:colcon.colcon_core.package_identification:_identify(.) by extension 'colcon_meta'
[0.920s] Level 1:colcon.colcon_core.package_identification:_identify(.) by extensions ['ros']
[0.920s] Level 1:colcon.colcon_core.package_identification:_identify(.) by extension 'ros'
[0.948s] DEBUG:colcon.colcon_core.package_identification:Package '.' with type 'ros.ament_cmake' and name 'sam_bot_description'
[0.948s] Level 1:colcon.colcon_core.package_discovery:discover_packages(recursive) using defaults
[0.948s] Level 1:colcon.colcon_core.package_discovery:discover_packages(ignore) discover
[0.948s] Level 1:colcon.colcon_core.package_discovery:discover_packages(ignore) using defaults
[0.948s] Level 1:colcon.colcon_core.package_discovery:discover_packages(path) discover
[0.948s] Level 1:colcon.colcon_core.package_discovery:discover_packages(path) using defaults
[1.005s] Level 1:colcon.colcon_core.package_discovery:discover_packages(prefix_path) check parameters
[1.005s] Level 1:colcon.colcon_core.package_discovery:discover_packages(prefix_path) discover
[1.011s] DEBUG:colcon.colcon_installed_package_information.package_discovery:Found 276 installed packages in /opt/ros/humble
[1.013s] Level 1:colcon.colcon_core.package_discovery:discover_packages(prefix_path) using defaults
[1.119s] Level 5:colcon.colcon_core.verb:set package 'sam_bot_description' build argument 'cmake_args' from command line to 'None'
[1.119s] Level 5:colcon.colcon_core.verb:set package 'sam_bot_description' build argument 'cmake_target' from command line to 'None'
[1.119s] Level 5:colcon.colcon_core.verb:set package 'sam_bot_description' build argument 'cmake_target_skip_unavailable' from command line to 'False'
[1.119s] Level 5:colcon.colcon_core.verb:set package 'sam_bot_description' build argument 'cmake_clean_cache' from command line to 'False'
[1.119s] Level 5:colcon.colcon_core.verb:set package 'sam_bot_description' build argument 'cmake_clean_first' from command line to 'False'
[1.119s] Level 5:colcon.colcon_core.verb:set package 'sam_bot_description' build argument 'cmake_force_configure' from command line to 'False'
[1.119s] Level 5:colcon.colcon_core.verb:set package 'sam_bot_description' build argument 'ament_cmake_args' from command line to 'None'
[1.119s] Level 5:colcon.colcon_core.verb:set package 'sam_bot_description' build argument 'catkin_cmake_args' from command line to 'None'
[1.119s] Level 5:colcon.colcon_core.verb:set package 'sam_bot_description' build argument 'catkin_skip_building_tests' from command line to 'False'
[1.119s] DEBUG:colcon.colcon_core.verb:Building package 'sam_bot_description' with the following arguments: {'ament_cmake_args': None, 'build_base': '/home/antoniopalves/ros2_ws/src/sam_bot_description/build/sam_bot_description', 'catkin_cmake_args': None, 'catkin_skip_building_tests': False, 'cmake_args': None, 'cmake_clean_cache': False, 'cmake_clean_first': False, 'cmake_force_configure': False, 'cmake_target': None, 'cmake_target_skip_unavailable': False, 'install_base': '/home/antoniopalves/ros2_ws/src/sam_bot_description/install/sam_bot_description', 'merge_install': False, 'path': '/home/antoniopalves/ros2_ws/src/sam_bot_description', 'symlink_install': False, 'test_result_base': None}
[1.120s] INFO:colcon.colcon_core.executor:Executing jobs using 'parallel' executor
[1.120s] DEBUG:colcon.colcon_parallel_executor.executor.parallel:run_until_complete
[1.121s] INFO:colcon.colcon_ros.task.ament_cmake.build:Building ROS package in '/home/antoniopalves/ros2_ws/src/sam_bot_description' with build type 'ament_cmake'
[1.121s] INFO:colcon.colcon_cmake.task.cmake.build:Building CMake package in '/home/antoniopalves/ros2_ws/src/sam_bot_description'
[1.130s] INFO:colcon.colcon_core.plugin_system:Skipping extension 'colcon_core.shell.bat': Not used on non-Windows systems
[1.131s] INFO:colcon.colcon_core.shell:Skip shell extension 'powershell' for command environment: Not usable outside of PowerShell
[1.131s] DEBUG:colcon.colcon_core.shell:Skip shell extension 'dsv' for command environment
[1.147s] DEBUG:colcon.colcon_core.event_handler.log_command:Invoking command in '/home/antoniopalves/ros2_ws/src/sam_bot_description/build/sam_bot_description': CMAKE_PREFIX_PATH=/opt/ros/humble /usr/bin/cmake --build /home/antoniopalves/ros2_ws/src/sam_bot_description/build/sam_bot_description -- -j6 -l6
[1.322s] DEBUG:colcon.colcon_core.event_handler.log_command:Invoked command in '/home/antoniopalves/ros2_ws/src/sam_bot_description/build/sam_bot_description' returned '0': CMAKE_PREFIX_PATH=/opt/ros/humble /usr/bin/cmake --build /home/antoniopalves/ros2_ws/src/sam_bot_description/build/sam_bot_description -- -j6 -l6
[1.336s] DEBUG:colcon.colcon_core.event_handler.log_command:Invoking command in '/home/antoniopalves/ros2_ws/src/sam_bot_description/build/sam_bot_description': CMAKE_PREFIX_PATH=/opt/ros/humble /usr/bin/cmake --install /home/antoniopalves/ros2_ws/src/sam_bot_description/build/sam_bot_description
[1.353s] Level 1:colcon.colcon_core.environment:create_environment_scripts_only(sam_bot_description)
[1.354s] DEBUG:colcon.colcon_core.event_handler.log_command:Invoked command in '/home/antoniopalves/ros2_ws/src/sam_bot_description/build/sam_bot_description' returned '0': CMAKE_PREFIX_PATH=/opt/ros/humble /usr/bin/cmake --install /home/antoniopalves/ros2_ws/src/sam_bot_description/build/sam_bot_description
[1.363s] Level 1:colcon.colcon_core.environment:checking '/home/antoniopalves/ros2_ws/src/sam_bot_description/install/sam_bot_description' for CMake module files
[1.363s] Level 1:colcon.colcon_core.environment:checking '/home/antoniopalves/ros2_ws/src/sam_bot_description/install/sam_bot_description' for CMake config files
[1.364s] Level 1:colcon.colcon_core.shell:create_environment_hook('sam_bot_description', 'cmake_prefix_path')
[1.364s] INFO:colcon.colcon_core.shell:Creating environment hook '/home/antoniopalves/ros2_ws/src/sam_bot_description/install/sam_bot_description/share/sam_bot_description/hook/cmake_prefix_path.ps1'
[1.365s] INFO:colcon.colcon_core.shell:Creating environment descriptor '/home/antoniopalves/ros2_ws/src/sam_bot_description/install/sam_bot_description/share/sam_bot_description/hook/cmake_prefix_path.dsv'
[1.366s] INFO:colcon.colcon_core.shell:Creating environment hook '/home/antoniopalves/ros2_ws/src/sam_bot_description/install/sam_bot_description/share/sam_bot_description/hook/cmake_prefix_path.sh'
[1.368s] Level 1:colcon.colcon_core.environment:checking '/home/antoniopalves/ros2_ws/src/sam_bot_description/install/sam_bot_description/bin'
[1.368s] Level 1:colcon.colcon_core.environment:checking '/home/antoniopalves/ros2_ws/src/sam_bot_description/install/sam_bot_description/lib/pkgconfig/sam_bot_description.pc'
[1.368s] Level 1:colcon.colcon_core.environment:checking '/home/antoniopalves/ros2_ws/src/sam_bot_description/install/sam_bot_description/lib/python3.10/site-packages'
[1.368s] Level 1:colcon.colcon_core.environment:checking '/home/antoniopalves/ros2_ws/src/sam_bot_description/install/sam_bot_description/bin'
[1.372s] INFO:colcon.colcon_core.shell:Creating package script '/home/antoniopalves/ros2_ws/src/sam_bot_description/install/sam_bot_description/share/sam_bot_description/package.ps1'
[1.374s] INFO:colcon.colcon_core.shell:Creating package descriptor '/home/antoniopalves/ros2_ws/src/sam_bot_description/install/sam_bot_description/share/sam_bot_description/package.dsv'
[1.375s] INFO:colcon.colcon_core.shell:Creating package script '/home/antoniopalves/ros2_ws/src/sam_bot_description/install/sam_bot_description/share/sam_bot_description/package.sh'
[1.376s] INFO:colcon.colcon_core.shell:Creating package script '/home/antoniopalves/ros2_ws/src/sam_bot_description/install/sam_bot_description/share/sam_bot_description/package.bash'
[1.377s] INFO:colcon.colcon_core.shell:Creating package script '/home/antoniopalves/ros2_ws/src/sam_bot_description/install/sam_bot_description/share/sam_bot_description/package.zsh'
[1.379s] Level 1:colcon.colcon_core.environment:create_file_with_runtime_dependencies(/home/antoniopalves/ros2_ws/src/sam_bot_description/install/sam_bot_description/share/colcon-core/packages/sam_bot_description)
[1.380s] Level 1:colcon.colcon_core.environment:create_environment_scripts_only(sam_bot_description)
[1.380s] Level 1:colcon.colcon_core.environment:checking '/home/antoniopalves/ros2_ws/src/sam_bot_description/install/sam_bot_description' for CMake module files
[1.381s] Level 1:colcon.colcon_core.environment:checking '/home/antoniopalves/ros2_ws/src/sam_bot_description/install/sam_bot_description' for CMake config files
[1.381s] Level 1:colcon.colcon_core.shell:create_environment_hook('sam_bot_description', 'cmake_prefix_path')
[1.381s] INFO:colcon.colcon_core.shell:Creating environment hook '/home/antoniopalves/ros2_ws/src/sam_bot_description/install/sam_bot_description/share/sam_bot_description/hook/cmake_prefix_path.ps1'
[1.381s] INFO:colcon.colcon_core.shell:Creating environment descriptor '/home/antoniopalves/ros2_ws/src/sam_bot_description/install/sam_bot_description/share/sam_bot_description/hook/cmake_prefix_path.dsv'
[1.382s] INFO:colcon.colcon_core.shell:Creating environment hook '/home/antoniopalves/ros2_ws/src/sam_bot_description/install/sam_bot_description/share/sam_bot_description/hook/cmake_prefix_path.sh'
[1.382s] Level 1:colcon.colcon_core.environment:checking '/home/antoniopalves/ros2_ws/src/sam_bot_description/install/sam_bot_description/bin'
[1.383s] Level 1:colcon.colcon_core.environment:checking '/home/antoniopalves/ros2_ws/src/sam_bot_description/install/sam_bot_description/lib/pkgconfig/sam_bot_description.pc'
[1.383s] Level 1:colcon.colcon_core.environment:checking '/home/antoniopalves/ros2_ws/src/sam_bot_description/install/sam_bot_description/lib/python3.10/site-packages'
[1.383s] Level 1:colcon.colcon_core.environment:checking '/home/antoniopalves/ros2_ws/src/sam_bot_description/install/sam_bot_description/bin'
[1.384s] INFO:colcon.colcon_core.shell:Creating package script '/home/antoniopalves/ros2_ws/src/sam_bot_description/install/sam_bot_description/share/sam_bot_description/package.ps1'
[1.384s] INFO:colcon.colcon_core.shell:Creating package descriptor '/home/antoniopalves/ros2_ws/src/sam_bot_description/install/sam_bot_description/share/sam_bot_description/package.dsv'
[1.385s] INFO:colcon.colcon_core.shell:Creating package script '/home/antoniopalves/ros2_ws/src/sam_bot_description/install/sam_bot_description/share/sam_bot_description/package.sh'
[1.385s] INFO:colcon.colcon_core.shell:Creating package script '/home/antoniopalves/ros2_ws/src/sam_bot_description/install/sam_bot_description/share/sam_bot_description/package.bash'
[1.386s] INFO:colcon.colcon_core.shell:Creating package script '/home/antoniopalves/ros2_ws/src/sam_bot_description/install/sam_bot_description/share/sam_bot_description/package.zsh'
[1.386s] Level 1:colcon.colcon_core.environment:create_file_with_runtime_dependencies(/home/antoniopalves/ros2_ws/src/sam_bot_description/install/sam_bot_description/share/colcon-core/packages/sam_bot_description)
[1.386s] DEBUG:colcon.colcon_parallel_executor.executor.parallel:closing loop
[1.387s] DEBUG:colcon.colcon_parallel_executor.executor.parallel:loop closed
[1.387s] DEBUG:colcon.colcon_parallel_executor.executor.parallel:run_until_complete finished with '0'
[1.387s] DEBUG:colcon.colcon_core.event_reactor:joining thread
[1.454s] INFO:colcon.colcon_core.plugin_system:Skipping extension 'colcon_notification.desktop_notification.notify_send': Could not find 'notify-send'
[1.455s] INFO:colcon.colcon_core.plugin_system:Skipping extension 'colcon_notification.desktop_notification.terminal_notifier': Not used on non-Darwin systems
[1.455s] INFO:colcon.colcon_core.plugin_system:Skipping extension 'colcon_notification.desktop_notification.win32': Not used on non-Windows systems
[1.455s] INFO:colcon.colcon_notification.desktop_notification:Sending desktop notification using 'notify2'
[1.455s] DEBUG:colcon.colcon_notification.desktop_notification.notify2:Failed to initialize notify2: org.freedesktop.DBus.Error.FileNotFound: Failed to connect to socket /run/user/1000/bus: No such file or directory
[1.455s] DEBUG:colcon.colcon_core.event_reactor:joined thread
[1.455s] INFO:colcon.colcon_core.shell:Creating prefix script '/home/antoniopalves/ros2_ws/src/sam_bot_description/install/local_setup.ps1'
[1.462s] INFO:colcon.colcon_core.shell:Creating prefix util module '/home/antoniopalves/ros2_ws/src/sam_bot_description/install/_local_setup_util_ps1.py'
[1.463s] INFO:colcon.colcon_core.shell:Creating prefix chain script '/home/antoniopalves/ros2_ws/src/sam_bot_description/install/setup.ps1'
[1.464s] INFO:colcon.colcon_core.shell:Creating prefix script '/home/antoniopalves/ros2_ws/src/sam_bot_description/install/local_setup.sh'
[1.466s] INFO:colcon.colcon_core.shell:Creating prefix util module '/home/antoniopalves/ros2_ws/src/sam_bot_description/install/_local_setup_util_sh.py'
[1.466s] INFO:colcon.colcon_core.shell:Creating prefix chain script '/home/antoniopalves/ros2_ws/src/sam_bot_description/install/setup.sh'
[1.467s] INFO:colcon.colcon_core.shell:Creating prefix script '/home/antoniopalves/ros2_ws/src/sam_bot_description/install/local_setup.bash'
[1.468s] INFO:colcon.colcon_core.shell:Creating prefix chain script '/home/antoniopalves/ros2_ws/src/sam_bot_description/install/setup.bash'
[1.469s] INFO:colcon.colcon_core.shell:Creating prefix script '/home/antoniopalves/ros2_ws/src/sam_bot_description/install/local_setup.zsh'
[1.470s] INFO:colcon.colcon_core.shell:Creating prefix chain script '/home/antoniopalves/ros2_ws/src/sam_bot_description/install/setup.zsh'
