[0.017s] Invoking command in '/home/antoniopalves/ros2_ws/src/sam_bot_description/build/sam_bot_description': CMAKE_PREFIX_PATH=/opt/ros/humble /usr/bin/cmake /home/antoniopalves/ros2_ws/src/sam_bot_description -DCMAKE_INSTALL_PREFIX=/home/antoniopalves/ros2_ws/src/sam_bot_description/install/sam_bot_description
[0.478s] -- The C compiler identification is GNU 11.4.0
[1.108s] -- The CXX compiler identification is GNU 11.4.0
[1.464s] -- Detecting C compiler ABI info
[1.662s] -- Detecting C compiler ABI info - done
[1.668s] -- Check for working C compiler: /usr/bin/cc - skipped
[1.672s] -- Detecting C compile features
[1.673s] -- Detecting C compile features - done
[1.677s] -- Detecting CXX compiler ABI info
[1.854s] -- Detecting CXX compiler ABI info - done
[1.861s] -- Check for working CXX compiler: /usr/bin/c++ - skipped
[1.861s] -- Detecting CXX compile features
[1.861s] -- Detecting CXX compile features - done
[1.881s] -- Found ament_cmake: 1.3.12 (/opt/ros/humble/share/ament_cmake/cmake)
[2.026s] -- Found Python3: /usr/bin/python3 (found version "3.10.12") found components: Interpreter 
[2.137s] -- Found ament_lint_auto: 0.12.14 (/opt/ros/humble/share/ament_lint_auto/cmake)
[2.222s] -- Added test 'cppcheck' to perform static code analysis on C / C++ code
[2.222s] -- Configured cppcheck include dirs: 
[2.222s] -- Configured cppcheck exclude dirs and/or files: 
[2.225s] -- Added test 'flake8' to check Python code syntax and style conventions
[2.228s] -- Added test 'lint_cmake' to check CMake code style
[2.229s] -- Added test 'pep257' to check Python code against some of the docstring style conventions in PEP 257
[2.236s] -- Added test 'uncrustify' to check C / C++ code style
[2.236s] -- Configured uncrustify additional arguments: 
[2.238s] -- Added test 'xmllint' to check XML markup files
[2.240s] -- Configuring done
[2.245s] -- Generating done
[2.247s] -- Build files have been written to: /home/antoniopalves/ros2_ws/src/sam_bot_description/build/sam_bot_description
[2.251s] Invoked command in '/home/antoniopalves/ros2_ws/src/sam_bot_description/build/sam_bot_description' returned '0': CMAKE_PREFIX_PATH=/opt/ros/humble /usr/bin/cmake /home/antoniopalves/ros2_ws/src/sam_bot_description -DCMAKE_INSTALL_PREFIX=/home/antoniopalves/ros2_ws/src/sam_bot_description/install/sam_bot_description
[2.253s] Invoking command in '/home/antoniopalves/ros2_ws/src/sam_bot_description/build/sam_bot_description': CMAKE_PREFIX_PATH=/opt/ros/humble /usr/bin/cmake --build /home/antoniopalves/ros2_ws/src/sam_bot_description/build/sam_bot_description -- -j6 -l6
[2.288s] Invoked command in '/home/antoniopalves/ros2_ws/src/sam_bot_description/build/sam_bot_description' returned '0': CMAKE_PREFIX_PATH=/opt/ros/humble /usr/bin/cmake --build /home/antoniopalves/ros2_ws/src/sam_bot_description/build/sam_bot_description -- -j6 -l6
[2.297s] Invoking command in '/home/antoniopalves/ros2_ws/src/sam_bot_description/build/sam_bot_description': CMAKE_PREFIX_PATH=/opt/ros/humble /usr/bin/cmake --install /home/antoniopalves/ros2_ws/src/sam_bot_description/build/sam_bot_description
[2.304s] -- Install configuration: ""
[2.304s] -- Installing: /home/antoniopalves/ros2_ws/src/sam_bot_description/install/sam_bot_description/share/sam_bot_description/src
[2.305s] -- Installing: /home/antoniopalves/ros2_ws/src/sam_bot_description/install/sam_bot_description/share/sam_bot_description/src/description
[2.306s] -- Installing: /home/antoniopalves/ros2_ws/src/sam_bot_description/install/sam_bot_description/share/sam_bot_description/src/description/sam_bot_description.urdf
[2.306s] -- Installing: /home/antoniopalves/ros2_ws/src/sam_bot_description/install/sam_bot_description/share/sam_bot_description/launch
[2.306s] -- Installing: /home/antoniopalves/ros2_ws/src/sam_bot_description/install/sam_bot_description/share/sam_bot_description/launch/display.launch.py
[2.306s] -- Installing: /home/antoniopalves/ros2_ws/src/sam_bot_description/install/sam_bot_description/share/sam_bot_description/rviz
[2.307s] -- Installing: /home/antoniopalves/ros2_ws/src/sam_bot_description/install/sam_bot_description/share/sam_bot_description/rviz/config.rviz
[2.308s] -- Installing: /home/antoniopalves/ros2_ws/src/sam_bot_description/install/sam_bot_description/share/ament_index/resource_index/package_run_dependencies/sam_bot_description
[2.308s] -- Installing: /home/antoniopalves/ros2_ws/src/sam_bot_description/install/sam_bot_description/share/ament_index/resource_index/parent_prefix_path/sam_bot_description
[2.308s] -- Installing: /home/antoniopalves/ros2_ws/src/sam_bot_description/install/sam_bot_description/share/sam_bot_description/environment/ament_prefix_path.sh
[2.309s] -- Installing: /home/antoniopalves/ros2_ws/src/sam_bot_description/install/sam_bot_description/share/sam_bot_description/environment/ament_prefix_path.dsv
[2.309s] -- Installing: /home/antoniopalves/ros2_ws/src/sam_bot_description/install/sam_bot_description/share/sam_bot_description/environment/path.sh
[2.309s] -- Installing: /home/antoniopalves/ros2_ws/src/sam_bot_description/install/sam_bot_description/share/sam_bot_description/environment/path.dsv
[2.309s] -- Installing: /home/antoniopalves/ros2_ws/src/sam_bot_description/install/sam_bot_description/share/sam_bot_description/local_setup.bash
[2.309s] -- Installing: /home/antoniopalves/ros2_ws/src/sam_bot_description/install/sam_bot_description/share/sam_bot_description/local_setup.sh
[2.309s] -- Installing: /home/antoniopalves/ros2_ws/src/sam_bot_description/install/sam_bot_description/share/sam_bot_description/local_setup.zsh
[2.310s] -- Installing: /home/antoniopalves/ros2_ws/src/sam_bot_description/install/sam_bot_description/share/sam_bot_description/local_setup.dsv
[2.310s] -- Installing: /home/antoniopalves/ros2_ws/src/sam_bot_description/install/sam_bot_description/share/sam_bot_description/package.dsv
[2.310s] -- Installing: /home/antoniopalves/ros2_ws/src/sam_bot_description/install/sam_bot_description/share/ament_index/resource_index/packages/sam_bot_description
[2.311s] -- Installing: /home/antoniopalves/ros2_ws/src/sam_bot_description/install/sam_bot_description/share/sam_bot_description/cmake/sam_bot_descriptionConfig.cmake
[2.311s] -- Installing: /home/antoniopalves/ros2_ws/src/sam_bot_description/install/sam_bot_description/share/sam_bot_description/cmake/sam_bot_descriptionConfig-version.cmake
[2.311s] -- Installing: /home/antoniopalves/ros2_ws/src/sam_bot_description/install/sam_bot_description/share/sam_bot_description/package.xml
[2.313s] Invoked command in '/home/antoniopalves/ros2_ws/src/sam_bot_description/build/sam_bot_description' returned '0': CMAKE_PREFIX_PATH=/opt/ros/humble /usr/bin/cmake --install /home/antoniopalves/ros2_ws/src/sam_bot_description/build/sam_bot_description
