[0.016s] Invoking command in '/home/antoniopalves/ros2_ws/src/sam_bot_description/build/sam_bot_description': CMAKE_PREFIX_PATH=${CMAKE_PREFIX_PATH}:/opt/ros/humble /usr/bin/cmake --build /home/antoniopalves/ros2_ws/src/sam_bot_description/build/sam_bot_description -- -j6 -l6
[0.149s] Invoked command in '/home/antoniopalves/ros2_ws/src/sam_bot_description/build/sam_bot_description' returned '0': CMAKE_PREFIX_PATH=${CMAKE_PREFIX_PATH}:/opt/ros/humble /usr/bin/cmake --build /home/antoniopalves/ros2_ws/src/sam_bot_description/build/sam_bot_description -- -j6 -l6
[0.161s] Invoking command in '/home/antoniopalves/ros2_ws/src/sam_bot_description/build/sam_bot_description': CMAKE_PREFIX_PATH=${CMAKE_PREFIX_PATH}:/opt/ros/humble /usr/bin/cmake --install /home/antoniopalves/ros2_ws/src/sam_bot_description/build/sam_bot_description
[0.169s] -- Install configuration: ""
[0.170s] -- Up-to-date: /home/antoniopalves/ros2_ws/src/sam_bot_description/install/sam_bot_description/share/sam_bot_description/src
[0.170s] -- Up-to-date: /home/antoniopalves/ros2_ws/src/sam_bot_description/install/sam_bot_description/share/sam_bot_description/src/description
[0.170s] -- Installing: /home/antoniopalves/ros2_ws/src/sam_bot_description/install/sam_bot_description/share/sam_bot_description/src/description/sam_bot_description.urdf
[0.171s] -- Up-to-date: /home/antoniopalves/ros2_ws/src/sam_bot_description/install/sam_bot_description/share/sam_bot_description/launch
[0.171s] -- Up-to-date: /home/antoniopalves/ros2_ws/src/sam_bot_description/install/sam_bot_description/share/sam_bot_description/launch/display.launch.py
[0.171s] -- Up-to-date: /home/antoniopalves/ros2_ws/src/sam_bot_description/install/sam_bot_description/share/sam_bot_description/rviz
[0.172s] -- Up-to-date: /home/antoniopalves/ros2_ws/src/sam_bot_description/install/sam_bot_description/share/sam_bot_description/rviz/config.rviz
[0.172s] -- Up-to-date: /home/antoniopalves/ros2_ws/src/sam_bot_description/install/sam_bot_description/share/ament_index/resource_index/package_run_dependencies/sam_bot_description
[0.172s] -- Up-to-date: /home/antoniopalves/ros2_ws/src/sam_bot_description/install/sam_bot_description/share/ament_index/resource_index/parent_prefix_path/sam_bot_description
[0.172s] -- Up-to-date: /home/antoniopalves/ros2_ws/src/sam_bot_description/install/sam_bot_description/share/sam_bot_description/environment/ament_prefix_path.sh
[0.172s] -- Up-to-date: /home/antoniopalves/ros2_ws/src/sam_bot_description/install/sam_bot_description/share/sam_bot_description/environment/ament_prefix_path.dsv
[0.172s] -- Up-to-date: /home/antoniopalves/ros2_ws/src/sam_bot_description/install/sam_bot_description/share/sam_bot_description/environment/path.sh
[0.173s] -- Up-to-date: /home/antoniopalves/ros2_ws/src/sam_bot_description/install/sam_bot_description/share/sam_bot_description/environment/path.dsv
[0.173s] -- Up-to-date: /home/antoniopalves/ros2_ws/src/sam_bot_description/install/sam_bot_description/share/sam_bot_description/local_setup.bash
[0.173s] -- Up-to-date: /home/antoniopalves/ros2_ws/src/sam_bot_description/install/sam_bot_description/share/sam_bot_description/local_setup.sh
[0.173s] -- Up-to-date: /home/antoniopalves/ros2_ws/src/sam_bot_description/install/sam_bot_description/share/sam_bot_description/local_setup.zsh
[0.173s] -- Up-to-date: /home/antoniopalves/ros2_ws/src/sam_bot_description/install/sam_bot_description/share/sam_bot_description/local_setup.dsv
[0.174s] -- Installing: /home/antoniopalves/ros2_ws/src/sam_bot_description/install/sam_bot_description/share/sam_bot_description/package.dsv
[0.174s] -- Up-to-date: /home/antoniopalves/ros2_ws/src/sam_bot_description/install/sam_bot_description/share/ament_index/resource_index/packages/sam_bot_description
[0.174s] -- Up-to-date: /home/antoniopalves/ros2_ws/src/sam_bot_description/install/sam_bot_description/share/sam_bot_description/cmake/sam_bot_descriptionConfig.cmake
[0.174s] -- Up-to-date: /home/antoniopalves/ros2_ws/src/sam_bot_description/install/sam_bot_description/share/sam_bot_description/cmake/sam_bot_descriptionConfig-version.cmake
[0.174s] -- Up-to-date: /home/antoniopalves/ros2_ws/src/sam_bot_description/install/sam_bot_description/share/sam_bot_description/package.xml
[0.176s] Invoked command in '/home/antoniopalves/ros2_ws/src/sam_bot_description/build/sam_bot_description' returned '0': CMAKE_PREFIX_PATH=${CMAKE_PREFIX_PATH}:/opt/ros/humble /usr/bin/cmake --install /home/antoniopalves/ros2_ws/src/sam_bot_description/build/sam_bot_description
