[0.418s] DEBUG:colcon:Command line arguments: ['/usr/bin/colcon', 'build']
[0.419s] DEBUG:colcon:Parsed command line arguments: Namespace(log_base=None, log_level=None, verb_name='build', build_base='build', install_base='install', merge_install=False, symlink_install=False, test_result_base=None, continue_on_error=False, executor='parallel', parallel_workers=8, event_handlers=None, ignore_user_meta=False, metas=['./colcon.meta'], base_paths=['.'], packages_ignore=None, packages_ignore_regex=None, paths=None, packages_up_to=None, packages_up_to_regex=None, packages_above=None, packages_above_and_dependencies=None, packages_above_depth=None, packages_select_by_dep=None, packages_skip_by_dep=None, packages_skip_up_to=None, packages_select_build_failed=False, packages_skip_build_finished=False, packages_select_test_failures=False, packages_skip_test_passed=False, packages_select=None, packages_skip=None, packages_select_regex=None, packages_skip_regex=None, packages_start=None, packages_end=None, allow_overriding=[], cmake_args=None, cmake_target=None, cmake_target_skip_unavailable=False, cmake_clean_cache=False, cmake_clean_first=False, cmake_force_configure=False, ament_cmake_args=None, catkin_cmake_args=None, catkin_skip_building_tests=False, verb_parser=<colcon_defaults.argument_parser.defaults.DefaultArgumentsDecorator object at 0x7dd6d991b640>, verb_extension=<colcon_core.verb.build.BuildVerb object at 0x7dd6d9ac0400>, main=<bound method BuildVerb.main of <colcon_core.verb.build.BuildVerb object at 0x7dd6d9ac0400>>)
[0.707s] Level 1:colcon.colcon_core.package_discovery:discover_packages(colcon_meta) check parameters
[0.707s] Level 1:colcon.colcon_core.package_discovery:discover_packages(recursive) check parameters
[0.707s] Level 1:colcon.colcon_core.package_discovery:discover_packages(ignore) check parameters
[0.707s] Level 1:colcon.colcon_core.package_discovery:discover_packages(path) check parameters
[0.707s] Level 1:colcon.colcon_core.package_discovery:discover_packages(colcon_meta) discover
[0.707s] Level 1:colcon.colcon_core.package_discovery:discover_packages(recursive) discover
[0.707s] INFO:colcon.colcon_core.package_discovery:Crawling recursively for packages in '/home/antoniopalves/ros2_ws/src/sam_bot_description'
[0.707s] Level 1:colcon.colcon_core.package_identification:_identify(.) by extensions ['ignore', 'ignore_ament_install']
[0.707s] Level 1:colcon.colcon_core.package_identification:_identify(.) by extension 'ignore'
[0.707s] Level 1:colcon.colcon_core.package_identification:_identify(.) by extension 'ignore_ament_install'
[0.707s] Level 1:colcon.colcon_core.package_identification:_identify(.) by extensions ['colcon_pkg']
[0.707s] Level 1:colcon.colcon_core.package_identification:_identify(.) by extension 'colcon_pkg'
[0.707s] Level 1:colcon.colcon_core.package_identification:_identify(.) by extensions ['colcon_meta']
[0.707s] Level 1:colcon.colcon_core.package_identification:_identify(.) by extension 'colcon_meta'
[0.707s] Level 1:colcon.colcon_core.package_identification:_identify(.) by extensions ['ros']
[0.707s] Level 1:colcon.colcon_core.package_identification:_identify(.) by extension 'ros'
[0.728s] DEBUG:colcon.colcon_core.package_identification:Package '.' with type 'ros.ament_cmake' and name 'sam_bot_description'
[0.729s] Level 1:colcon.colcon_core.package_discovery:discover_packages(recursive) using defaults
[0.729s] Level 1:colcon.colcon_core.package_discovery:discover_packages(ignore) discover
[0.729s] Level 1:colcon.colcon_core.package_discovery:discover_packages(ignore) using defaults
[0.729s] Level 1:colcon.colcon_core.package_discovery:discover_packages(path) discover
[0.729s] Level 1:colcon.colcon_core.package_discovery:discover_packages(path) using defaults
[0.767s] Level 1:colcon.colcon_core.package_discovery:discover_packages(prefix_path) check parameters
[0.767s] Level 1:colcon.colcon_core.package_discovery:discover_packages(prefix_path) discover
[0.772s] DEBUG:colcon.colcon_installed_package_information.package_discovery:Found 1 installed packages in /home/antoniopalves/ros2_ws/install
[0.778s] DEBUG:colcon.colcon_installed_package_information.package_discovery:Found 293 installed packages in /opt/ros/humble
[0.791s] Level 1:colcon.colcon_core.package_discovery:discover_packages(prefix_path) using defaults
[0.872s] Level 5:colcon.colcon_core.verb:set package 'sam_bot_description' build argument 'cmake_args' from command line to 'None'
[0.872s] Level 5:colcon.colcon_core.verb:set package 'sam_bot_description' build argument 'cmake_target' from command line to 'None'
[0.872s] Level 5:colcon.colcon_core.verb:set package 'sam_bot_description' build argument 'cmake_target_skip_unavailable' from command line to 'False'
[0.872s] Level 5:colcon.colcon_core.verb:set package 'sam_bot_description' build argument 'cmake_clean_cache' from command line to 'False'
[0.872s] Level 5:colcon.colcon_core.verb:set package 'sam_bot_description' build argument 'cmake_clean_first' from command line to 'False'
[0.872s] Level 5:colcon.colcon_core.verb:set package 'sam_bot_description' build argument 'cmake_force_configure' from command line to 'False'
[0.872s] Level 5:colcon.colcon_core.verb:set package 'sam_bot_description' build argument 'ament_cmake_args' from command line to 'None'
[0.872s] Level 5:colcon.colcon_core.verb:set package 'sam_bot_description' build argument 'catkin_cmake_args' from command line to 'None'
[0.872s] Level 5:colcon.colcon_core.verb:set package 'sam_bot_description' build argument 'catkin_skip_building_tests' from command line to 'False'
[0.872s] DEBUG:colcon.colcon_core.verb:Building package 'sam_bot_description' with the following arguments: {'ament_cmake_args': None, 'build_base': '/home/antoniopalves/ros2_ws/src/sam_bot_description/build/sam_bot_description', 'catkin_cmake_args': None, 'catkin_skip_building_tests': False, 'cmake_args': None, 'cmake_clean_cache': False, 'cmake_clean_first': False, 'cmake_force_configure': False, 'cmake_target': None, 'cmake_target_skip_unavailable': False, 'install_base': '/home/antoniopalves/ros2_ws/src/sam_bot_description/install/sam_bot_description', 'merge_install': False, 'path': '/home/antoniopalves/ros2_ws/src/sam_bot_description', 'symlink_install': False, 'test_result_base': None}
[0.872s] INFO:colcon.colcon_core.executor:Executing jobs using 'parallel' executor
[0.873s] DEBUG:colcon.colcon_parallel_executor.executor.parallel:run_until_complete
[0.873s] INFO:colcon.colcon_ros.task.ament_cmake.build:Building ROS package in '/home/antoniopalves/ros2_ws/src/sam_bot_description' with build type 'ament_cmake'
[0.873s] INFO:colcon.colcon_cmake.task.cmake.build:Building CMake package in '/home/antoniopalves/ros2_ws/src/sam_bot_description'
[0.881s] INFO:colcon.colcon_core.plugin_system:Skipping extension 'colcon_core.shell.bat': Not used on non-Windows systems
[0.881s] INFO:colcon.colcon_core.shell:Skip shell extension 'powershell' for command environment: Not usable outside of PowerShell
[0.881s] DEBUG:colcon.colcon_core.shell:Skip shell extension 'dsv' for command environment
[0.893s] DEBUG:colcon.colcon_core.event_handler.log_command:Invoking command in '/home/antoniopalves/ros2_ws/src/sam_bot_description/build/sam_bot_description': CMAKE_PREFIX_PATH=/home/antoniopalves/ros2_ws/install/trsa_lab1:/opt/ros/humble /usr/bin/cmake --build /home/antoniopalves/ros2_ws/src/sam_bot_description/build/sam_bot_description -- -j8 -l8
[1.357s] DEBUG:colcon.colcon_core.event_handler.log_command:Invoked command in '/home/antoniopalves/ros2_ws/src/sam_bot_description/build/sam_bot_description' returned '0': CMAKE_PREFIX_PATH=/home/antoniopalves/ros2_ws/install/trsa_lab1:/opt/ros/humble /usr/bin/cmake --build /home/antoniopalves/ros2_ws/src/sam_bot_description/build/sam_bot_description -- -j8 -l8
[1.370s] DEBUG:colcon.colcon_core.event_handler.log_command:Invoking command in '/home/antoniopalves/ros2_ws/src/sam_bot_description/build/sam_bot_description': CMAKE_PREFIX_PATH=/home/antoniopalves/ros2_ws/install/trsa_lab1:/opt/ros/humble /usr/bin/cmake --install /home/antoniopalves/ros2_ws/src/sam_bot_description/build/sam_bot_description
[1.387s] Level 1:colcon.colcon_core.environment:create_environment_scripts_only(sam_bot_description)
[1.387s] DEBUG:colcon.colcon_core.event_handler.log_command:Invoked command in '/home/antoniopalves/ros2_ws/src/sam_bot_description/build/sam_bot_description' returned '0': CMAKE_PREFIX_PATH=/home/antoniopalves/ros2_ws/install/trsa_lab1:/opt/ros/humble /usr/bin/cmake --install /home/antoniopalves/ros2_ws/src/sam_bot_description/build/sam_bot_description
[1.396s] Level 1:colcon.colcon_core.environment:checking '/home/antoniopalves/ros2_ws/src/sam_bot_description/install/sam_bot_description' for CMake module files
[1.396s] Level 1:colcon.colcon_core.environment:checking '/home/antoniopalves/ros2_ws/src/sam_bot_description/install/sam_bot_description' for CMake config files
[1.396s] Level 1:colcon.colcon_core.shell:create_environment_hook('sam_bot_description', 'cmake_prefix_path')
[1.397s] INFO:colcon.colcon_core.shell:Creating environment hook '/home/antoniopalves/ros2_ws/src/sam_bot_description/install/sam_bot_description/share/sam_bot_description/hook/cmake_prefix_path.ps1'
[1.398s] INFO:colcon.colcon_core.shell:Creating environment descriptor '/home/antoniopalves/ros2_ws/src/sam_bot_description/install/sam_bot_description/share/sam_bot_description/hook/cmake_prefix_path.dsv'
[1.399s] INFO:colcon.colcon_core.shell:Creating environment hook '/home/antoniopalves/ros2_ws/src/sam_bot_description/install/sam_bot_description/share/sam_bot_description/hook/cmake_prefix_path.sh'
[1.400s] Level 1:colcon.colcon_core.environment:checking '/home/antoniopalves/ros2_ws/src/sam_bot_description/install/sam_bot_description/bin'
[1.400s] Level 1:colcon.colcon_core.environment:checking '/home/antoniopalves/ros2_ws/src/sam_bot_description/install/sam_bot_description/lib/pkgconfig/sam_bot_description.pc'
[1.400s] Level 1:colcon.colcon_core.environment:checking '/home/antoniopalves/ros2_ws/src/sam_bot_description/install/sam_bot_description/lib/python3.10/site-packages'
[1.400s] Level 1:colcon.colcon_core.environment:checking '/home/antoniopalves/ros2_ws/src/sam_bot_description/install/sam_bot_description/bin'
[1.400s] INFO:colcon.colcon_core.shell:Creating package script '/home/antoniopalves/ros2_ws/src/sam_bot_description/install/sam_bot_description/share/sam_bot_description/package.ps1'
[1.401s] INFO:colcon.colcon_core.shell:Creating package descriptor '/home/antoniopalves/ros2_ws/src/sam_bot_description/install/sam_bot_description/share/sam_bot_description/package.dsv'
[1.402s] INFO:colcon.colcon_core.shell:Creating package script '/home/antoniopalves/ros2_ws/src/sam_bot_description/install/sam_bot_description/share/sam_bot_description/package.sh'
[1.403s] INFO:colcon.colcon_core.shell:Creating package script '/home/antoniopalves/ros2_ws/src/sam_bot_description/install/sam_bot_description/share/sam_bot_description/package.bash'
[1.404s] INFO:colcon.colcon_core.shell:Creating package script '/home/antoniopalves/ros2_ws/src/sam_bot_description/install/sam_bot_description/share/sam_bot_description/package.zsh'
[1.405s] Level 1:colcon.colcon_core.environment:create_file_with_runtime_dependencies(/home/antoniopalves/ros2_ws/src/sam_bot_description/install/sam_bot_description/share/colcon-core/packages/sam_bot_description)
[1.406s] Level 1:colcon.colcon_core.environment:create_environment_scripts_only(sam_bot_description)
[1.406s] Level 1:colcon.colcon_core.environment:checking '/home/antoniopalves/ros2_ws/src/sam_bot_description/install/sam_bot_description' for CMake module files
[1.406s] Level 1:colcon.colcon_core.environment:checking '/home/antoniopalves/ros2_ws/src/sam_bot_description/install/sam_bot_description' for CMake config files
[1.406s] Level 1:colcon.colcon_core.shell:create_environment_hook('sam_bot_description', 'cmake_prefix_path')
[1.407s] INFO:colcon.colcon_core.shell:Creating environment hook '/home/antoniopalves/ros2_ws/src/sam_bot_description/install/sam_bot_description/share/sam_bot_description/hook/cmake_prefix_path.ps1'
[1.407s] INFO:colcon.colcon_core.shell:Creating environment descriptor '/home/antoniopalves/ros2_ws/src/sam_bot_description/install/sam_bot_description/share/sam_bot_description/hook/cmake_prefix_path.dsv'
[1.407s] INFO:colcon.colcon_core.shell:Creating environment hook '/home/antoniopalves/ros2_ws/src/sam_bot_description/install/sam_bot_description/share/sam_bot_description/hook/cmake_prefix_path.sh'
[1.408s] Level 1:colcon.colcon_core.environment:checking '/home/antoniopalves/ros2_ws/src/sam_bot_description/install/sam_bot_description/bin'
[1.408s] Level 1:colcon.colcon_core.environment:checking '/home/antoniopalves/ros2_ws/src/sam_bot_description/install/sam_bot_description/lib/pkgconfig/sam_bot_description.pc'
[1.408s] Level 1:colcon.colcon_core.environment:checking '/home/antoniopalves/ros2_ws/src/sam_bot_description/install/sam_bot_description/lib/python3.10/site-packages'
[1.408s] Level 1:colcon.colcon_core.environment:checking '/home/antoniopalves/ros2_ws/src/sam_bot_description/install/sam_bot_description/bin'
[1.409s] INFO:colcon.colcon_core.shell:Creating package script '/home/antoniopalves/ros2_ws/src/sam_bot_description/install/sam_bot_description/share/sam_bot_description/package.ps1'
[1.409s] INFO:colcon.colcon_core.shell:Creating package descriptor '/home/antoniopalves/ros2_ws/src/sam_bot_description/install/sam_bot_description/share/sam_bot_description/package.dsv'
[1.410s] INFO:colcon.colcon_core.shell:Creating package script '/home/antoniopalves/ros2_ws/src/sam_bot_description/install/sam_bot_description/share/sam_bot_description/package.sh'
[1.410s] INFO:colcon.colcon_core.shell:Creating package script '/home/antoniopalves/ros2_ws/src/sam_bot_description/install/sam_bot_description/share/sam_bot_description/package.bash'
[1.410s] INFO:colcon.colcon_core.shell:Creating package script '/home/antoniopalves/ros2_ws/src/sam_bot_description/install/sam_bot_description/share/sam_bot_description/package.zsh'
[1.411s] Level 1:colcon.colcon_core.environment:create_file_with_runtime_dependencies(/home/antoniopalves/ros2_ws/src/sam_bot_description/install/sam_bot_description/share/colcon-core/packages/sam_bot_description)
[1.411s] DEBUG:colcon.colcon_parallel_executor.executor.parallel:closing loop
[1.411s] DEBUG:colcon.colcon_parallel_executor.executor.parallel:loop closed
[1.411s] DEBUG:colcon.colcon_parallel_executor.executor.parallel:run_until_complete finished with '0'
[1.411s] DEBUG:colcon.colcon_core.event_reactor:joining thread
[1.448s] INFO:colcon.colcon_core.plugin_system:Skipping extension 'colcon_notification.desktop_notification.notify_send': Could not find 'notify-send'
[1.448s] INFO:colcon.colcon_core.plugin_system:Skipping extension 'colcon_notification.desktop_notification.terminal_notifier': Not used on non-Darwin systems
[1.448s] INFO:colcon.colcon_core.plugin_system:Skipping extension 'colcon_notification.desktop_notification.win32': Not used on non-Windows systems
[1.448s] INFO:colcon.colcon_notification.desktop_notification:Sending desktop notification using 'notify2'
[1.448s] DEBUG:colcon.colcon_notification.desktop_notification.notify2:Failed to initialize notify2: org.freedesktop.DBus.Error.FileNotFound: Failed to connect to socket /run/user/1000/bus: No such file or directory
[1.448s] DEBUG:colcon.colcon_core.event_reactor:joined thread
[1.449s] INFO:colcon.colcon_core.shell:Creating prefix script '/home/antoniopalves/ros2_ws/src/sam_bot_description/install/local_setup.ps1'
[1.450s] INFO:colcon.colcon_core.shell:Creating prefix util module '/home/antoniopalves/ros2_ws/src/sam_bot_description/install/_local_setup_util_ps1.py'
[1.451s] INFO:colcon.colcon_core.shell:Creating prefix chain script '/home/antoniopalves/ros2_ws/src/sam_bot_description/install/setup.ps1'
[1.452s] INFO:colcon.colcon_core.shell:Creating prefix script '/home/antoniopalves/ros2_ws/src/sam_bot_description/install/local_setup.sh'
[1.453s] INFO:colcon.colcon_core.shell:Creating prefix util module '/home/antoniopalves/ros2_ws/src/sam_bot_description/install/_local_setup_util_sh.py'
[1.454s] INFO:colcon.colcon_core.shell:Creating prefix chain script '/home/antoniopalves/ros2_ws/src/sam_bot_description/install/setup.sh'
[1.455s] INFO:colcon.colcon_core.shell:Creating prefix script '/home/antoniopalves/ros2_ws/src/sam_bot_description/install/local_setup.bash'
[1.455s] INFO:colcon.colcon_core.shell:Creating prefix chain script '/home/antoniopalves/ros2_ws/src/sam_bot_description/install/setup.bash'
[1.456s] INFO:colcon.colcon_core.shell:Creating prefix script '/home/antoniopalves/ros2_ws/src/sam_bot_description/install/local_setup.zsh'
[1.457s] INFO:colcon.colcon_core.shell:Creating prefix chain script '/home/antoniopalves/ros2_ws/src/sam_bot_description/install/setup.zsh'
